
=== FIGURE 7: Impact of hash function (SpecCert) ===

--- MUTAG ---
  hash=murmur3
/nas/home/jahin/specert/.venv/lib/python3.10/site-packages/torch/cuda/__init__.py:654: UserWarning: Can't initialize NVML
  warnings.warn("Can't initialize NVML")
/nas/home/jahin/specert/models/graphcnn.py:133: UserWarning: torch.sparse.SparseTensor(indices, values, shape, *, device=) is deprecated.  Please use torch.sparse_coo_tensor(indices, values, shape, dtype=, device=). (Triggered internally at ../torch/csrc/utils/tensor_new.cpp:641.)
  graph_pool = torch.sparse.FloatTensor(idx, elem, torch.Size([len(batch_graph), start_idx[-1]]))
/nas/home/jahin/specert/run_all_experiments.py:148: UserWarning: var(): degrees of freedom is <= 0. Correction should be strictly less than the reduction factor (input numel divided by output numel). (Triggered internally at ../aten/src/ATen/native/ReduceOps.cpp:1808.)
  var_per_class = probs.var(dim=1)
  best variant: ensemble (clean=0.667, auc=10.67)
  hash=md5
/nas/home/jahin/specert/.venv/lib/python3.10/site-packages/torch/cuda/__init__.py:654: UserWarning: Can't initialize NVML
  warnings.warn("Can't initialize NVML")
/nas/home/jahin/specert/run_all_experiments.py:148: UserWarning: var(): degrees of freedom is <= 0. Correction should be strictly less than the reduction factor (input numel divided by output numel). (Triggered internally at ../aten/src/ATen/native/ReduceOps.cpp:1808.)
  var_per_class = probs.var(dim=1)
  best variant: ensemble (clean=0.667, auc=10.67)
  hash=sha1
/nas/home/jahin/specert/run_all_experiments.py:148: UserWarning: var(): degrees of freedom is <= 0. Correction should be strictly less than the reduction factor (input numel divided by output numel). (Triggered internally at ../aten/src/ATen/native/ReduceOps.cpp:1808.)
  var_per_class = probs.var(dim=1)
  best variant: ensemble (clean=0.667, auc=10.67)
  hash=sha256
/nas/home/jahin/specert/run_all_experiments.py:148: UserWarning: var(): degrees of freedom is <= 0. Correction should be strictly less than the reduction factor (input numel divided by output numel). (Triggered internally at ../aten/src/ATen/native/ReduceOps.cpp:1808.)
  var_per_class = probs.var(dim=1)
  best variant: ensemble (clean=0.667, auc=10.67)
  saved -> /nas/home/jahin/specert/results/figure7_MUTAG.csv

--- PROTEINS ---
  hash=murmur3
/nas/home/jahin/specert/run_all_experiments.py:148: UserWarning: var(): degrees of freedom is <= 0. Correction should be strictly less than the reduction factor (input numel divided by output numel). (Triggered internally at ../aten/src/ATen/native/ReduceOps.cpp:1808.)
  var_per_class = probs.var(dim=1)
  best variant: ensemble (clean=0.595, auc=9.51)
  hash=md5
/nas/home/jahin/specert/run_all_experiments.py:148: UserWarning: var(): degrees of freedom is <= 0. Correction should be strictly less than the reduction factor (input numel divided by output numel). (Triggered internally at ../aten/src/ATen/native/ReduceOps.cpp:1808.)
  var_per_class = probs.var(dim=1)
  best variant: ensemble (clean=0.595, auc=9.51)
  hash=sha1
/nas/home/jahin/specert/run_all_experiments.py:148: UserWarning: var(): degrees of freedom is <= 0. Correction should be strictly less than the reduction factor (input numel divided by output numel). (Triggered internally at ../aten/src/ATen/native/ReduceOps.cpp:1808.)
  var_per_class = probs.var(dim=1)
  best variant: ensemble (clean=0.595, auc=9.51)
  hash=sha256
/nas/home/jahin/specert/run_all_experiments.py:148: UserWarning: var(): degrees of freedom is <= 0. Correction should be strictly less than the reduction factor (input numel divided by output numel). (Triggered internally at ../aten/src/ATen/native/ReduceOps.cpp:1808.)
  var_per_class = probs.var(dim=1)
  best variant: ensemble (clean=0.595, auc=9.51)
  saved -> /nas/home/jahin/specert/results/figure7_PROTEINS.csv

--- NCI1 ---
  hash=murmur3
/nas/home/jahin/specert/run_all_experiments.py:148: UserWarning: var(): degrees of freedom is <= 0. Correction should be strictly less than the reduction factor (input numel divided by output numel). (Triggered internally at ../aten/src/ATen/native/ReduceOps.cpp:1808.)
  var_per_class = probs.var(dim=1)
  best variant: ensemble (clean=0.500, auc=8.00)
  hash=md5
/nas/home/jahin/specert/run_all_experiments.py:148: UserWarning: var(): degrees of freedom is <= 0. Correction should be strictly less than the reduction factor (input numel divided by output numel). (Triggered internally at ../aten/src/ATen/native/ReduceOps.cpp:1808.)
  var_per_class = probs.var(dim=1)
  best variant: ensemble (clean=0.500, auc=8.00)
  hash=sha1
/nas/home/jahin/specert/run_all_experiments.py:148: UserWarning: var(): degrees of freedom is <= 0. Correction should be strictly less than the reduction factor (input numel divided by output numel). (Triggered internally at ../aten/src/ATen/native/ReduceOps.cpp:1808.)
  var_per_class = probs.var(dim=1)
  best variant: ensemble (clean=0.500, auc=8.00)
  hash=sha256
/nas/home/jahin/specert/run_all_experiments.py:148: UserWarning: var(): degrees of freedom is <= 0. Correction should be strictly less than the reduction factor (input numel divided by output numel). (Triggered internally at ../aten/src/ATen/native/ReduceOps.cpp:1808.)
  var_per_class = probs.var(dim=1)
  best variant: ensemble (clean=0.500, auc=8.00)
  saved -> /nas/home/jahin/specert/results/figure7_NCI1.csv

--- DD ---
  hash=murmur3
/nas/home/jahin/specert/run_all_experiments.py:148: UserWarning: var(): degrees of freedom is <= 0. Correction should be strictly less than the reduction factor (input numel divided by output numel). (Triggered internally at ../aten/src/ATen/native/ReduceOps.cpp:1808.)
  var_per_class = probs.var(dim=1)
  best variant: ensemble (clean=0.588, auc=9.40)
  hash=md5
/nas/home/jahin/specert/run_all_experiments.py:148: UserWarning: var(): degrees of freedom is <= 0. Correction should be strictly less than the reduction factor (input numel divided by output numel). (Triggered internally at ../aten/src/ATen/native/ReduceOps.cpp:1808.)
  var_per_class = probs.var(dim=1)
  best variant: ensemble (clean=0.588, auc=9.40)
  hash=sha1
/nas/home/jahin/specert/run_all_experiments.py:148: UserWarning: var(): degrees of freedom is <= 0. Correction should be strictly less than the reduction factor (input numel divided by output numel). (Triggered internally at ../aten/src/ATen/native/ReduceOps.cpp:1808.)
  var_per_class = probs.var(dim=1)
  best variant: ensemble (clean=0.588, auc=9.40)
  hash=sha256
/nas/home/jahin/specert/run_all_experiments.py:148: UserWarning: var(): degrees of freedom is <= 0. Correction should be strictly less than the reduction factor (input numel divided by output numel). (Triggered internally at ../aten/src/ATen/native/ReduceOps.cpp:1808.)
  var_per_class = probs.var(dim=1)
  best variant: ensemble (clean=0.588, auc=9.40)
  saved -> /nas/home/jahin/specert/results/figure7_DD.csv

--- ENZYMES ---
  hash=murmur3
/nas/home/jahin/specert/run_all_experiments.py:148: UserWarning: var(): degrees of freedom is <= 0. Correction should be strictly less than the reduction factor (input numel divided by output numel). (Triggered internally at ../aten/src/ATen/native/ReduceOps.cpp:1808.)
  var_per_class = probs.var(dim=1)
  best variant: ensemble (clean=0.165, auc=2.64)
  hash=md5
/nas/home/jahin/specert/run_all_experiments.py:148: UserWarning: var(): degrees of freedom is <= 0. Correction should be strictly less than the reduction factor (input numel divided by output numel). (Triggered internally at ../aten/src/ATen/native/ReduceOps.cpp:1808.)
  var_per_class = probs.var(dim=1)
  best variant: ensemble (clean=0.165, auc=2.64)
  hash=sha1
/nas/home/jahin/specert/run_all_experiments.py:148: UserWarning: var(): degrees of freedom is <= 0. Correction should be strictly less than the reduction factor (input numel divided by output numel). (Triggered internally at ../aten/src/ATen/native/ReduceOps.cpp:1808.)
  var_per_class = probs.var(dim=1)
  best variant: ensemble (clean=0.165, auc=2.64)
  hash=sha256
/nas/home/jahin/specert/run_all_experiments.py:148: UserWarning: var(): degrees of freedom is <= 0. Correction should be strictly less than the reduction factor (input numel divided by output numel). (Triggered internally at ../aten/src/ATen/native/ReduceOps.cpp:1808.)
  var_per_class = probs.var(dim=1)
  best variant: ensemble (clean=0.165, auc=2.64)
  saved -> /nas/home/jahin/specert/results/figure7_ENZYMES.csv

--- REDDITBINARY ---
  hash=murmur3
/nas/home/jahin/specert/run_all_experiments.py:148: UserWarning: var(): degrees of freedom is <= 0. Correction should be strictly less than the reduction factor (input numel divided by output numel). (Triggered internally at ../aten/src/ATen/native/ReduceOps.cpp:1808.)
  var_per_class = probs.var(dim=1)
  best variant: ensemble (clean=0.617, auc=9.88)
  hash=md5
/nas/home/jahin/specert/run_all_experiments.py:148: UserWarning: var(): degrees of freedom is <= 0. Correction should be strictly less than the reduction factor (input numel divided by output numel). (Triggered internally at ../aten/src/ATen/native/ReduceOps.cpp:1808.)
  var_per_class = probs.var(dim=1)
  best variant: ensemble (clean=0.617, auc=9.88)
  hash=sha1
/nas/home/jahin/specert/run_all_experiments.py:148: UserWarning: var(): degrees of freedom is <= 0. Correction should be strictly less than the reduction factor (input numel divided by output numel). (Triggered internally at ../aten/src/ATen/native/ReduceOps.cpp:1808.)
  var_per_class = probs.var(dim=1)
  best variant: ensemble (clean=0.617, auc=9.88)
  hash=sha256
/nas/home/jahin/specert/run_all_experiments.py:148: UserWarning: var(): degrees of freedom is <= 0. Correction should be strictly less than the reduction factor (input numel divided by output numel). (Triggered internally at ../aten/src/ATen/native/ReduceOps.cpp:1808.)
  var_per_class = probs.var(dim=1)
  best variant: ensemble (clean=0.617, auc=9.88)
  saved -> /nas/home/jahin/specert/results/figure7_REDDITBINARY.csv

--- COLLAB ---
  hash=murmur3
/nas/home/jahin/specert/run_all_experiments.py:148: UserWarning: var(): degrees of freedom is <= 0. Correction should be strictly less than the reduction factor (input numel divided by output numel). (Triggered internally at ../aten/src/ATen/native/ReduceOps.cpp:1808.)
  var_per_class = probs.var(dim=1)
  best variant: ensemble (clean=0.521, auc=8.34)
  hash=md5
/nas/home/jahin/specert/run_all_experiments.py:148: UserWarning: var(): degrees of freedom is <= 0. Correction should be strictly less than the reduction factor (input numel divided by output numel). (Triggered internally at ../aten/src/ATen/native/ReduceOps.cpp:1808.)
  var_per_class = probs.var(dim=1)
  best variant: ensemble (clean=0.521, auc=8.34)
  hash=sha1
/nas/home/jahin/specert/run_all_experiments.py:148: UserWarning: var(): degrees of freedom is <= 0. Correction should be strictly less than the reduction factor (input numel divided by output numel). (Triggered internally at ../aten/src/ATen/native/ReduceOps.cpp:1808.)
  var_per_class = probs.var(dim=1)
  best variant: ensemble (clean=0.521, auc=8.34)
  hash=sha256
/nas/home/jahin/specert/run_all_experiments.py:148: UserWarning: var(): degrees of freedom is <= 0. Correction should be strictly less than the reduction factor (input numel divided by output numel). (Triggered internally at ../aten/src/ATen/native/ReduceOps.cpp:1808.)
  var_per_class = probs.var(dim=1)
  best variant: ensemble (clean=0.521, auc=8.34)
  saved -> /nas/home/jahin/specert/results/figure7_COLLAB.csv

============================================================
ALL EXPERIMENTS COMPLETE - results/ directory populated
============================================================
