
=== MECT ablation: MUTAG ===
  λ_m = 0.0
/nas/home/jahin/specert/.venv/lib/python3.10/site-packages/torch/cuda/__init__.py:654: UserWarning: Can't initialize NVML
  warnings.warn("Can't initialize NVML")
/nas/home/jahin/specert/models/graphcnn.py:133: UserWarning: torch.sparse.SparseTensor(indices, values, shape, *, device=) is deprecated.  Please use torch.sparse_coo_tensor(indices, values, shape, dtype=, device=). (Triggered internally at ../torch/csrc/utils/tensor_new.cpp:641.)
  graph_pool = torch.sparse.FloatTensor(idx, elem, torch.Size([len(batch_graph), start_idx[-1]]))
  best variant: ensemble (clean=0.921, auc=14.22)
    clean=0.921  cert@7=0.905  cert@14=0.857
  λ_m = 0.5
/nas/home/jahin/specert/.venv/lib/python3.10/site-packages/torch/cuda/__init__.py:654: UserWarning: Can't initialize NVML
  warnings.warn("Can't initialize NVML")
  best variant: ensemble (clean=0.905, auc=14.02)
    clean=0.905  cert@7=0.889  cert@14=0.889
  λ_m = 1.0
  best variant: ensemble (clean=0.921, auc=14.22)
    clean=0.921  cert@7=0.905  cert@14=0.857
  λ_m = 2.0
  best variant: ensemble (clean=0.921, auc=14.11)
    clean=0.921  cert@7=0.889  cert@14=0.889
  saved -> /nas/home/jahin/specert/results/mect_ablation_MUTAG.csv

=== MECT ablation: PROTEINS ===
  λ_m = 0.0
  best variant: ensemble (clean=0.719, auc=10.72)
    clean=0.719  cert@7=0.695  cert@14=0.619
  λ_m = 0.5
  best variant: ensemble (clean=0.719, auc=10.92)
    clean=0.719  cert@7=0.705  cert@14=0.654
  λ_m = 1.0
  best variant: ensemble (clean=0.730, auc=10.95)
    clean=0.730  cert@7=0.708  cert@14=0.649
  λ_m = 2.0
  best variant: ensemble (clean=0.716, auc=10.68)
    clean=0.716  cert@7=0.684  cert@14=0.624
  saved -> /nas/home/jahin/specert/results/mect_ablation_PROTEINS.csv

=== MECT ablation: NCI1 ===
  λ_m = 0.0
  best variant: ensemble (clean=0.665, auc=10.06)
    clean=0.665  cert@7=0.650  cert@14=0.609
  λ_m = 0.5
  best variant: ensemble (clean=0.666, auc=10.13)
    clean=0.666  cert@7=0.662  cert@14=0.613
  λ_m = 1.0
  best variant: ensemble (clean=0.658, auc=10.04)
    clean=0.658  cert@7=0.652  cert@14=0.610
  λ_m = 2.0
  best variant: ensemble (clean=0.658, auc=9.77)
    clean=0.658  cert@7=0.645  cert@14=0.553
  saved -> /nas/home/jahin/specert/results/mect_ablation_NCI1.csv

=== MECT ablation: DD ===
  λ_m = 0.0
  best variant: ensemble (clean=0.774, auc=11.60)
    clean=0.774  cert@7=0.748  cert@14=0.710
  λ_m = 0.5
  best variant: ensemble (clean=0.766, auc=11.70)
    clean=0.766  cert@7=0.756  cert@14=0.723
  λ_m = 1.0
  best variant: ensemble (clean=0.774, auc=11.80)
    clean=0.774  cert@7=0.761  cert@14=0.733
  λ_m = 2.0
  best variant: ensemble (clean=0.761, auc=11.65)
    clean=0.761  cert@7=0.756  cert@14=0.715
  saved -> /nas/home/jahin/specert/results/mect_ablation_DD.csv
