
=== PLOT FIGURE 2 ===
  saved -> /nas/home/jahin/specert/figures/figure2.pdf

=== PLOT FIGURE 3 ===
  saved -> /nas/home/jahin/specert/figures/figure3.pdf

=== PLOT FIGURE 4 ===
  saved -> /nas/home/jahin/specert/figures/figure4.pdf

=== PLOT FIGURE 5 ===
  saved -> /nas/home/jahin/specert/figures/figure5.pdf

=== PLOT FIGURE 6 ===
  saved -> /nas/home/jahin/specert/figures/figure6.pdf

=== PLOT FIGURE 7 ===
  saved -> /nas/home/jahin/specert/figures/figure7.pdf

=== PLOT FIGURE 8 ===
  saved -> /nas/home/jahin/specert/figures/figure8.pdf

=== PLOT FIGURES 9-12 ===
  saved -> /nas/home/jahin/specert/figures/figure9.pdf
  saved -> /nas/home/jahin/specert/figures/figure10.pdf
  saved -> /nas/home/jahin/specert/figures/figure11.pdf
  saved -> /nas/home/jahin/specert/figures/figure12.pdf

=== EMIT TABLES ===
  saved -> tables/table{1,2,3,4}.tex
