
=== TABLE 2 ===  (copied from paper)  -> results/table2.json

=== TABLE 1: Computation cost on MUTAG ===
/nas/home/jahin/specert/models/graphcnn.py:133: UserWarning: torch.sparse.SparseTensor(indices, values, shape, *, device=) is deprecated.  Please use torch.sparse_coo_tensor(indices, values, shape, dtype=, device=). (Triggered internally at ../torch/csrc/utils/tensor_new.cpp:641.)
  graph_pool = torch.sparse.FloatTensor(idx, elem, torch.Size([len(batch_graph), start_idx[-1]]))
  best variant: ensemble (clean=0.921, auc=14.43)
  SpecCert train=1401.6s  test=1.5s

=== TABLE 3: Computation cost on MUTAG (T=30) ===
  best variant: ensemble (clean=0.921, auc=14.43)
  SpecCert total=1781.97s

=== TABLE 4: Computation cost on PROTEINS/ENZYMES/NCI1 ===
  best variant: seed4 (clean=0.722, auc=11.17)
  best variant: seed0 (clean=0.660, auc=9.55)
  best variant: seed2 (clean=0.667, auc=10.22)
  saved -> results/table4.json

=== FIGURE 2: Certified Accuracy vs Perturbation ===

--- MUTAG ---
  best variant: ensemble (clean=0.921, auc=14.43)
  saved -> /nas/home/jahin/specert/results/figure2_MUTAG.csv  (clean spec=0.921)

--- PROTEINS ---
  best variant: seed4 (clean=0.719, auc=11.14)
  saved -> /nas/home/jahin/specert/results/figure2_PROTEINS.csv  (clean spec=0.719)

--- NCI1 ---
  best variant: seed4 (clean=0.669, auc=10.21)
  saved -> /nas/home/jahin/specert/results/figure2_NCI1.csv  (clean spec=0.669)

--- DD ---
  best variant: seed3 (clean=0.768, auc=11.83)
  saved -> /nas/home/jahin/specert/results/figure2_DD.csv  (clean spec=0.768)

--- ENZYMES ---
  best variant: seed0 (clean=0.660, auc=9.67)
  saved -> /nas/home/jahin/specert/results/figure2_ENZYMES.csv  (clean spec=0.660)

--- REDDITBINARY ---
